<?xml version="1.0" encoding="UTF-8"?>
<TestRun id="dd03e372-3fa5-4cb4-87b3-6814e95f77d2" name="Eisen@CRAZYEISEN 2011-11-29 20:33:45" runUser="CRAZYEISEN\Eisen" xmlns="http://microsoft.com/schemas/VisualStudio/TeamTest/2010">
  <TestSettings name="Local" id="8e5fc231-a8cb-423c-9521-0eadba8787ac">
    <Description>These are default test settings for a local test run.</Description>
    <Deployment enabled="false" runDeploymentRoot="Eisen_CRAZYEISEN 2011-11-29 20_33_45">
      <DeploymentItem filename="C:\Users\Eisen\Code\RoboNUI\repo\plugin\log4net\log4net.dll" />
      <DeploymentItem filename="C:\Users\Eisen\Code\RoboNUI\repo\RoboticNaturalUserInterface\RoboticNaturalUserInterface\bin\Debug\RoboticNaturalUserInterface.exe" />
      <DeploymentItem filename="C:\Users\Eisen\Code\RoboNUI\repo\plugin\json\Newtonsoft.Json.Net35.dll" />
      <DeploymentItem filename="C:\Users\Eisen\Code\RoboNUI\repo\RoboticNaturalUserInterface\MessagingUtilities\bin\Debug\Utilities.dll" />
    </Deployment>
    <Execution>
      <TestTypeSpecific />
      <AgentRule name="Execution Agents">
      </AgentRule>
    </Execution>
  </TestSettings>
  <Times creation="2011-11-29T20:33:45.8026395-05:00" queuing="2011-11-29T20:33:45.8426418-05:00" start="2011-11-29T20:33:45.9096456-05:00" finish="2011-11-29T20:33:53.5710838-05:00" />
  <ResultSummary outcome="Error">
    <Counters total="4" executed="4" error="1" failed="3" timeout="0" aborted="0" inconclusive="0" passedButRunAborted="0" notRunnable="0" notExecuted="0" disconnected="0" warning="0" passed="0" completed="0" inProgress="0" pending="0" />
    <Output>
      <StdOut>41 [Agent: adapter run thread for test 'UpdateTest' with id 'eb6586ad-326b-4c36-b12e-287d2d6c619a'] DEBUG RoboNui.RobotAdapter.RoboticArmServoController (null) - RoboNui.RobotAdapter.RoboticArmServoController constructed.
68 [Agent: adapter run thread for test 'UpdateTest' with id 'eb6586ad-326b-4c36-b12e-287d2d6c619a'] ERROR RoboNui.RobotAdapter.RoboticArmServoController (null) - Could not open Servo Controller Port on COM5
System.IO.IOException: The port 'COM5' does not exist.
   at System.IO.Ports.InternalResources.WinIOError(Int32 errorCode, String str)
   at System.IO.Ports.SerialStream..ctor(String portName, Int32 baudRate, Parity parity, Int32 dataBits, StopBits stopBits, Int32 readTimeout, Int32 writeTimeout, Handshake handshake, Boolean dtrEnable, Boolean rtsEnable, Boolean discardNull, Byte parityReplace)
   at System.IO.Ports.SerialPort.Open()
   at RoboNui.RobotAdapter.SSC32.SSC32ServoController..ctor(String portName, ICollection`1 channels) in C:\Users\Eisen\Code\RoboNUI\repo\RoboticNaturalUserInterface\RoboticNaturalUserInterface\RobotAdapter\SSC32\ServoController.cs:line 54
76 [Agent: adapter run thread for test 'UpdateTest' with id 'eb6586ad-326b-4c36-b12e-287d2d6c619a'] DEBUG RoboNui.RobotAdapter.RoboticArmServoController (null) - RoboNui.RobotAdapter.RoboticArmServoController constructed.
</StdOut>
    </Output>
  </ResultSummary>
  <TestDefinitions>
    <UnitTest name="UpdateTest" storage="c:\users\eisen\code\robonui\repo\roboticnaturaluserinterface\robonuitest\bin\debug\robonuitest.dll" id="eeddceb7-7d47-fd72-2af9-db464e484902">
      <Execution id="8e07aca0-fad7-4661-8862-ac86f86b1c47" />
      <TestMethod codeBase="C:/Users/Eisen/Code/RoboNUI/repo/RoboticNaturalUserInterface/RoboNuiTest/bin/Debug/RoboNuiTest.DLL" adapterTypeName="Microsoft.VisualStudio.TestTools.TestTypes.Unit.UnitTestAdapter, Microsoft.VisualStudio.QualityTools.Tips.UnitTest.Adapter, Version=10.0.0.0, Culture=neutral, PublicKeyToken=b03f5f7f11d50a3a" className="RoboNuiTest.JointAngleTranslatorTest, RoboNuiTest, Version=1.0.0.0, Culture=neutral, PublicKeyToken=null" name="UpdateTest" />
    </UnitTest>
    <UnitTest name="VoiceControlInterpreterConstructorTest" storage="c:\users\eisen\code\robonui\repo\roboticnaturaluserinterface\robonuitest\bin\debug\robonuitest.dll" id="001da288-f832-5643-40ad-6895e6d64972">
      <Execution id="f8255855-5f8d-4e72-9e24-6ba33f848236" />
      <TestMethod codeBase="C:/Users/Eisen/Code/RoboNUI/repo/RoboticNaturalUserInterface/RoboNuiTest/bin/Debug/RoboNuiTest.DLL" adapterTypeName="Microsoft.VisualStudio.TestTools.TestTypes.Unit.UnitTestAdapter, Microsoft.VisualStudio.QualityTools.Tips.UnitTest.Adapter, Version=10.0.0.0, Culture=neutral, PublicKeyToken=b03f5f7f11d50a3a" className="RoboNuiTest.VoiceControlInterpreterTest, RoboNuiTest, Version=1.0.0.0, Culture=neutral, PublicKeyToken=null" name="VoiceControlInterpreterConstructorTest" />
    </UnitTest>
    <UnitTest name="UpdateTest" storage="c:\users\eisen\code\robonui\repo\roboticnaturaluserinterface\robonuitest\bin\debug\robonuitest.dll" id="c0eca1fb-66d4-bb09-728d-297533670eaf">
      <DeploymentItems>
        <DeploymentItem filename="RoboticNaturalUserInterface.exe" />
      </DeploymentItems>
      <Execution id="eb6586ad-326b-4c36-b12e-287d2d6c619a" />
      <TestMethod codeBase="C:/Users/Eisen/Code/RoboNUI/repo/RoboticNaturalUserInterface/RoboNuiTest/bin/Debug/RoboNuiTest.DLL" adapterTypeName="Microsoft.VisualStudio.TestTools.TestTypes.Unit.UnitTestAdapter, Microsoft.VisualStudio.QualityTools.Tips.UnitTest.Adapter, Version=10.0.0.0, Culture=neutral, PublicKeyToken=b03f5f7f11d50a3a" className="RoboNuiTest.RoboticArmServoControllerTest, RoboNuiTest, Version=1.0.0.0, Culture=neutral, PublicKeyToken=null" name="UpdateTest" />
    </UnitTest>
    <UnitTest name="JointAngleTranslatorConstructorTest" storage="c:\users\eisen\code\robonui\repo\roboticnaturaluserinterface\robonuitest\bin\debug\robonuitest.dll" id="3607432d-474d-0ce1-5eb1-b98786483e85">
      <Execution id="609cdc1b-fc19-4344-a2c2-a3d1442d3dc7" />
      <TestMethod codeBase="C:/Users/Eisen/Code/RoboNUI/repo/RoboticNaturalUserInterface/RoboNuiTest/bin/Debug/RoboNuiTest.DLL" adapterTypeName="Microsoft.VisualStudio.TestTools.TestTypes.Unit.UnitTestAdapter, Microsoft.VisualStudio.QualityTools.Tips.UnitTest.Adapter, Version=10.0.0.0, Culture=neutral, PublicKeyToken=b03f5f7f11d50a3a" className="RoboNuiTest.JointAngleTranslatorTest, RoboNuiTest, Version=1.0.0.0, Culture=neutral, PublicKeyToken=null" name="JointAngleTranslatorConstructorTest" />
    </UnitTest>
  </TestDefinitions>
  <TestLists>
    <TestList name="Results Not in a List" id="8c84fa94-04c1-424b-9868-57a2d4851a1d" />
    <TestList name="All Loaded Results" id="19431567-8539-422a-85d7-44ee4e166bda" />
  </TestLists>
  <TestEntries>
    <TestEntry testId="001da288-f832-5643-40ad-6895e6d64972" executionId="f8255855-5f8d-4e72-9e24-6ba33f848236" testListId="8c84fa94-04c1-424b-9868-57a2d4851a1d" />
    <TestEntry testId="3607432d-474d-0ce1-5eb1-b98786483e85" executionId="609cdc1b-fc19-4344-a2c2-a3d1442d3dc7" testListId="8c84fa94-04c1-424b-9868-57a2d4851a1d" />
    <TestEntry testId="c0eca1fb-66d4-bb09-728d-297533670eaf" executionId="eb6586ad-326b-4c36-b12e-287d2d6c619a" testListId="8c84fa94-04c1-424b-9868-57a2d4851a1d" />
    <TestEntry testId="eeddceb7-7d47-fd72-2af9-db464e484902" executionId="8e07aca0-fad7-4661-8862-ac86f86b1c47" testListId="8c84fa94-04c1-424b-9868-57a2d4851a1d" />
  </TestEntries>
  <Results>
    <UnitTestResult executionId="f8255855-5f8d-4e72-9e24-6ba33f848236" testId="001da288-f832-5643-40ad-6895e6d64972" testName="VoiceControlInterpreterConstructorTest" computerName="CRAZYEISEN" duration="00:00:04.0123191" startTime="2011-11-29T20:33:45.9456477-05:00" endTime="2011-11-29T20:33:50.3849016-05:00" testType="13cdc9d9-ddb5-4fa4-a97d-d965ccfc6d4b" outcome="Failed" testListId="8c84fa94-04c1-424b-9868-57a2d4851a1d" relativeResultsDirectory="f8255855-5f8d-4e72-9e24-6ba33f848236">
      <Output>
        <StdOut>54 [Agent: adapter run thread for test 'VoiceControlInterpreterConstructorTest' with id 'f8255855-5f8d-4e72-9e24-6ba33f848236'] DEBUG RoboNui.KinectAdapter.VoiceControlInterpreter (null) - RoboNui.KinectAdapter.VoiceControlInterpreter constructed.
167 [Agent: adapter run thread for test 'VoiceControlInterpreterConstructorTest' with id 'f8255855-5f8d-4e72-9e24-6ba33f848236'] DEBUG RoboNui.KinectAdapter.VoiceControlInterpreter (null) - Using Kinect speech recognizer: Microsoft Server Speech Recognition Language - Kinect (en-US)
2118 [Agent: adapter run thread for test 'VoiceControlInterpreterConstructorTest' with id 'f8255855-5f8d-4e72-9e24-6ba33f848236'] DEBUG RoboNui.KinectAdapter.VoiceControlInterpreter (null) - 
Speech Hypothesized: 	robo
2492 [Agent: adapter run thread for test 'VoiceControlInterpreterConstructorTest' with id 'f8255855-5f8d-4e72-9e24-6ba33f848236'] DEBUG RoboNui.KinectAdapter.VoiceControlInterpreter (null) - 
Speech Hypothesized: 	robo nu
2729 [Agent: adapter run thread for test 'VoiceControlInterpreterConstructorTest' with id 'f8255855-5f8d-4e72-9e24-6ba33f848236'] DEBUG RoboNui.KinectAdapter.VoiceControlInterpreter (null) - 
Speech Hypothesized: 	robo nu ee
3005 [Agent: adapter run thread for test 'VoiceControlInterpreterConstructorTest' with id 'f8255855-5f8d-4e72-9e24-6ba33f848236'] DEBUG RoboNui.KinectAdapter.VoiceControlInterpreter (null) - 
Speech Hypothesized: 	robo nu ee use
3248 [Agent: adapter run thread for test 'VoiceControlInterpreterConstructorTest' with id 'f8255855-5f8d-4e72-9e24-6ba33f848236'] DEBUG RoboNui.KinectAdapter.VoiceControlInterpreter (null) - 
Speech Hypothesized: 	robo nu ee disable
4003 [Agent: adapter run thread for test 'VoiceControlInterpreterConstructorTest' with id 'f8255855-5f8d-4e72-9e24-6ba33f848236'] DEBUG RoboNui.KinectAdapter.VoiceControlInterpreter (null) - 
Speech Recognized: 	robo nu ee disable</StdOut>
        <ErrorInfo>
          <Message>Test method RoboNuiTest.VoiceControlInterpreterTest.VoiceControlInterpreterConstructorTest threw exception: 
System.Reflection.TargetInvocationException: Exception has been thrown by the target of an invocation. ---&gt; System.InvalidOperationException: The semantic value in rule 'onoff' was already set and cannot be changed.</Message>
          <StackTrace>    at Microsoft.Speech.Recognition.RecognizedPhrase.InsertSemanticValueToDictionary(SemanticValue semanticValue, String propertyName, SemanticValue thisSemanticValue, GrammarOptions semanticTag, Collection`1&amp; dupItems)
   at Microsoft.Speech.Recognition.RecognizedPhrase.RecursiveBuildSemanticProperties(IList`1 words, List`1 properties, RuleNode ruleTree, GrammarOptions semanticTag, Collection`1&amp; dupItems)
   at Microsoft.Speech.Recognition.RecognizedPhrase.RecursiveBuildSemanticProperties(IList`1 words, List`1 properties, RuleNode ruleTree, GrammarOptions semanticTag, Collection`1&amp; dupItems)
   at Microsoft.Speech.Recognition.RecognizedPhrase.RecursiveBuildSemanticProperties(IList`1 words, List`1 properties, RuleNode ruleTree, GrammarOptions semanticTag, Collection`1&amp; dupItems)
   at Microsoft.Speech.Recognition.RecognizedPhrase.CalcSemantics(Grammar grammar)
   at Microsoft.Speech.Recognition.RecognizedPhrase.get_Semantics()
   at RoboNui.KinectAdapter.VoiceControlInterpreter.sre_SpeechRecognized(Object sender, SpeechRecognizedEventArgs e) in C:\Users\Eisen\Code\RoboNUI\repo\RoboticNaturalUserInterface\RoboticNaturalUserInterface\KinectAdapter\VoiceControlInterpreter.cs:line 167
   at Microsoft.Speech.Recognition.SpeechRecognitionEngine.SpeechRecognizedProxy(Object sender, SpeechRecognizedEventArgs e)
 --- End of inner exception stack trace ---
    at System.RuntimeMethodHandle._InvokeMethodFast(IRuntimeMethodInfo method, Object target, Object[] arguments, SignatureStruct&amp; sig, MethodAttributes methodAttributes, RuntimeType typeOwner)
   at System.RuntimeMethodHandle.InvokeMethodFast(IRuntimeMethodInfo method, Object target, Object[] arguments, Signature sig, MethodAttributes methodAttributes, RuntimeType typeOwner)
   at System.Reflection.RuntimeMethodInfo.Invoke(Object obj, BindingFlags invokeAttr, Binder binder, Object[] parameters, CultureInfo culture, Boolean skipVisibilityChecks)
   at System.Delegate.DynamicInvokeImpl(Object[] args)
   at Microsoft.Speech.Internal.AsyncWorkItem.Invoke()
   at Microsoft.Speech.Recognition.RecognizerBase.Recognize(TimeSpan initialSilenceTimeout)
   at Microsoft.Speech.Recognition.SpeechRecognitionEngine.Recognize()
   at RoboNui.KinectAdapter.VoiceControlInterpreter..ctor() in C:\Users\Eisen\Code\RoboNUI\repo\RoboticNaturalUserInterface\RoboticNaturalUserInterface\KinectAdapter\VoiceControlInterpreter.cs:line 88
   at RoboNuiTest.VoiceControlInterpreterTest.VoiceControlInterpreterConstructorTest() in C:\Users\Eisen\Code\RoboNUI\repo\RoboticNaturalUserInterface\RoboNuiTest\VoiceControlInterpreterTest.cs:line 81
</StackTrace>
        </ErrorInfo>
      </Output>
    </UnitTestResult>
    <UnitTestResult executionId="609cdc1b-fc19-4344-a2c2-a3d1442d3dc7" testId="3607432d-474d-0ce1-5eb1-b98786483e85" testName="JointAngleTranslatorConstructorTest" computerName="CRAZYEISEN" startTime="2011-11-29T20:33:50.4109031-05:00" endTime="2011-11-29T20:33:52.9090460-05:00" testType="13cdc9d9-ddb5-4fa4-a97d-d965ccfc6d4b" testListId="8c84fa94-04c1-424b-9868-57a2d4851a1d" relativeResultsDirectory="609cdc1b-fc19-4344-a2c2-a3d1442d3dc7">
      <Output>
        <ErrorInfo>
          <Message>The agent process was stopped while the test was running.</Message>
        </ErrorInfo>
      </Output>
    </UnitTestResult>
    <UnitTestResult executionId="eb6586ad-326b-4c36-b12e-287d2d6c619a" testId="c0eca1fb-66d4-bb09-728d-297533670eaf" testName="UpdateTest" computerName="CRAZYEISEN" duration="00:00:00.0667817" startTime="2011-11-29T20:33:52.9240468-05:00" endTime="2011-11-29T20:33:53.4380762-05:00" testType="13cdc9d9-ddb5-4fa4-a97d-d965ccfc6d4b" outcome="Failed" testListId="8c84fa94-04c1-424b-9868-57a2d4851a1d" relativeResultsDirectory="eb6586ad-326b-4c36-b12e-287d2d6c619a">
      <Output>
        <StdOut>107 [Agent: adapter run thread for test 'UpdateTest' with id 'eb6586ad-326b-4c36-b12e-287d2d6c619a'] INFO RoboNui.RobotAdapter.RoboticArmServoController (null) - Sent movement command to Servo Controller.
109 [Agent: adapter run thread for test 'UpdateTest' with id 'eb6586ad-326b-4c36-b12e-287d2d6c619a'] DEBUG RoboNui.RobotAdapter.RoboticArmServoController (null) - Send Command #0P1738#1P1738#2P1738#3P1738#4P1738#5P1738T1000
110 [Agent: adapter run thread for test 'UpdateTest' with id 'eb6586ad-326b-4c36-b12e-287d2d6c619a'] DEBUG RoboNui.RobotAdapter.RoboticArmServoController (null) - Send Command QP0
114 [Agent: adapter run thread for test 'UpdateTest' with id 'eb6586ad-326b-4c36-b12e-287d2d6c619a'] DEBUG RoboNui.RobotAdapter.RoboticArmServoController (null) - Send Command QP1
114 [Agent: adapter run thread for test 'UpdateTest' with id 'eb6586ad-326b-4c36-b12e-287d2d6c619a'] DEBUG RoboNui.RobotAdapter.RoboticArmServoController (null) - Send Command QP2
114 [Agent: adapter run thread for test 'UpdateTest' with id 'eb6586ad-326b-4c36-b12e-287d2d6c619a'] DEBUG RoboNui.RobotAdapter.RoboticArmServoController (null) - Send Command QP3
114 [Agent: adapter run thread for test 'UpdateTest' with id 'eb6586ad-326b-4c36-b12e-287d2d6c619a'] DEBUG RoboNui.RobotAdapter.RoboticArmServoController (null) - Send Command QP4
114 [Agent: adapter run thread for test 'UpdateTest' with id 'eb6586ad-326b-4c36-b12e-287d2d6c619a'] DEBUG RoboNui.RobotAdapter.RoboticArmServoController (null) - Send Command QP5</StdOut>
        <ErrorInfo>
          <Message>Assert.AreEqual failed. Expected:&lt;RoboNui.Core.AngleSet&gt;. Actual:&lt;RoboNui.Core.AngleSet&gt;. </Message>
          <StackTrace>   at RoboNuiTest.RoboticArmServoControllerTest.UpdateTest() in C:\Users\Eisen\Code\RoboNUI\repo\RoboticNaturalUserInterface\RoboNuiTest\RoboticArmServoControllerTest.cs:line 121
</StackTrace>
        </ErrorInfo>
      </Output>
    </UnitTestResult>
    <UnitTestResult executionId="8e07aca0-fad7-4661-8862-ac86f86b1c47" testId="eeddceb7-7d47-fd72-2af9-db464e484902" testName="UpdateTest" computerName="CRAZYEISEN" duration="00:00:00.0206034" startTime="2011-11-29T20:33:53.4440766-05:00" endTime="2011-11-29T20:33:53.4710781-05:00" testType="13cdc9d9-ddb5-4fa4-a97d-d965ccfc6d4b" outcome="Failed" testListId="8c84fa94-04c1-424b-9868-57a2d4851a1d" relativeResultsDirectory="8e07aca0-fad7-4661-8862-ac86f86b1c47">
      <Output>
        <ErrorInfo>
          <Message>Test method RoboNuiTest.JointAngleTranslatorTest.UpdateTest threw exception: 
System.NullReferenceException: Object reference not set to an instance of an object.</Message>
          <StackTrace>    at RoboNui.Core.JointAngleTranslator.Update(JointSet js) in C:\Users\Eisen\Code\RoboNUI\repo\RoboticNaturalUserInterface\RoboticNaturalUserInterface\Core\JointAngleTranslator.cs:line 108
   at RoboNuiTest.JointAngleTranslatorTest.UpdateTest() in C:\Users\Eisen\Code\RoboNUI\repo\RoboticNaturalUserInterface\RoboNuiTest\JointAngleTranslatorTest.cs:line 107
</StackTrace>
        </ErrorInfo>
      </Output>
    </UnitTestResult>
  </Results>
</TestRun>