<?xml version="1.0" encoding="UTF-8"?>
<TestRun id="16333a9e-e3c7-446a-bcb1-b96299f327bc" name="Eisen@CRAZYEISEN 2011-11-29 21:02:27" runUser="CRAZYEISEN\Eisen" xmlns="http://microsoft.com/schemas/VisualStudio/TeamTest/2010">
  <TestSettings name="Local" id="8e5fc231-a8cb-423c-9521-0eadba8787ac">
    <Description>These are default test settings for a local test run.</Description>
    <Deployment enabled="false" runDeploymentRoot="Eisen_CRAZYEISEN 2011-11-29 21_02_27">
      <DeploymentItem filename="C:\Users\Eisen\Code\RoboNUI\repo\plugin\log4net\log4net.dll" />
      <DeploymentItem filename="C:\Users\Eisen\Code\RoboNUI\repo\RoboticNaturalUserInterface\RoboticNaturalUserInterface\bin\Debug\RoboticNaturalUserInterface.exe" />
      <DeploymentItem filename="C:\Users\Eisen\Code\RoboNUI\repo\plugin\json\Newtonsoft.Json.Net35.dll" />
      <DeploymentItem filename="C:\Users\Eisen\Code\RoboNUI\repo\RoboticNaturalUserInterface\MessagingUtilities\bin\Debug\Utilities.dll" />
    </Deployment>
    <Execution>
      <TestTypeSpecific />
      <AgentRule name="Execution Agents">
      </AgentRule>
    </Execution>
  </TestSettings>
  <Times creation="2011-11-29T21:02:27.3861084-05:00" queuing="2011-11-29T21:02:27.6691246-05:00" start="2011-11-29T21:02:27.7191275-05:00" finish="2011-11-29T21:02:36.1336088-05:00" />
  <ResultSummary outcome="Failed">
    <Counters total="4" executed="4" passed="1" error="0" failed="3" timeout="0" aborted="0" inconclusive="0" passedButRunAborted="0" notRunnable="0" notExecuted="0" disconnected="0" warning="0" completed="0" inProgress="0" pending="0" />
    <Output>
      <StdOut>4294 [Agent: adapter run thread for test 'UpdateTest' with id '0f29701a-fed7-4726-8f28-8ce7e3690ba3'] DEBUG RoboNui.RobotAdapter.RoboticArmServoController (null) - RoboNui.RobotAdapter.RoboticArmServoController constructed.
4294 [Agent: adapter run thread for test 'UpdateTest' with id '0f29701a-fed7-4726-8f28-8ce7e3690ba3'] DEBUG RoboNui.RobotAdapter.RoboticArmServoController (null) - RoboNui.RobotAdapter.RoboticArmServoController constructed.
4295 [Agent: adapter run thread for test 'UpdateTest' with id '0f29701a-fed7-4726-8f28-8ce7e3690ba3'] ERROR RoboNui.RobotAdapter.RoboticArmServoController (null) - Could not open Servo Controller Port on COM5
System.IO.IOException: The port 'COM5' does not exist.
   at System.IO.Ports.InternalResources.WinIOError(Int32 errorCode, String str)
   at System.IO.Ports.SerialStream..ctor(String portName, Int32 baudRate, Parity parity, Int32 dataBits, StopBits stopBits, Int32 readTimeout, Int32 writeTimeout, Handshake handshake, Boolean dtrEnable, Boolean rtsEnable, Boolean discardNull, Byte parityReplace)
   at System.IO.Ports.SerialPort.Open()
   at RoboNui.RobotAdapter.SSC32.SSC32ServoController..ctor(String portName, ICollection`1 channels) in C:\Users\Eisen\Code\RoboNUI\repo\RoboticNaturalUserInterface\RoboticNaturalUserInterface\RobotAdapter\SSC32\ServoController.cs:line 54
4295 [Agent: adapter run thread for test 'UpdateTest' with id '0f29701a-fed7-4726-8f28-8ce7e3690ba3'] ERROR RoboNui.RobotAdapter.RoboticArmServoController (null) - Could not open Servo Controller Port on COM5
System.IO.IOException: The port 'COM5' does not exist.
   at System.IO.Ports.InternalResources.WinIOError(Int32 errorCode, String str)
   at System.IO.Ports.SerialStream..ctor(String portName, Int32 baudRate, Parity parity, Int32 dataBits, StopBits stopBits, Int32 readTimeout, Int32 writeTimeout, Handshake handshake, Boolean dtrEnable, Boolean rtsEnable, Boolean discardNull, Byte parityReplace)
   at System.IO.Ports.SerialPort.Open()
   at RoboNui.RobotAdapter.SSC32.SSC32ServoController..ctor(String portName, ICollection`1 channels) in C:\Users\Eisen\Code\RoboNUI\repo\RoboticNaturalUserInterface\RoboticNaturalUserInterface\RobotAdapter\SSC32\ServoController.cs:line 54
4298 [Agent: adapter run thread for test 'UpdateTest' with id '0f29701a-fed7-4726-8f28-8ce7e3690ba3'] DEBUG RoboNui.RobotAdapter.RoboticArmServoController (null) - RoboNui.RobotAdapter.RoboticArmServoController constructed.
4298 [Agent: adapter run thread for test 'UpdateTest' with id '0f29701a-fed7-4726-8f28-8ce7e3690ba3'] DEBUG RoboNui.RobotAdapter.RoboticArmServoController (null) - RoboNui.RobotAdapter.RoboticArmServoController constructed.
</StdOut>
    </Output>
  </ResultSummary>
  <TestDefinitions>
    <UnitTest name="UpdateTest" storage="c:\users\eisen\code\robonui\repo\roboticnaturaluserinterface\robonuitest\bin\debug\robonuitest.dll" id="eeddceb7-7d47-fd72-2af9-db464e484902">
      <Execution id="4ffe57eb-91b1-4c3d-bbcf-fa13f127d242" />
      <TestMethod codeBase="C:/Users/Eisen/Code/RoboNUI/repo/RoboticNaturalUserInterface/RoboNuiTest/bin/Debug/RoboNuiTest.DLL" adapterTypeName="Microsoft.VisualStudio.TestTools.TestTypes.Unit.UnitTestAdapter, Microsoft.VisualStudio.QualityTools.Tips.UnitTest.Adapter, Version=10.0.0.0, Culture=neutral, PublicKeyToken=b03f5f7f11d50a3a" className="RoboNuiTest.JointAngleTranslatorTest, RoboNuiTest, Version=1.0.0.0, Culture=neutral, PublicKeyToken=null" name="UpdateTest" />
    </UnitTest>
    <UnitTest name="VoiceControlInterpreterConstructorTest" storage="c:\users\eisen\code\robonui\repo\roboticnaturaluserinterface\robonuitest\bin\debug\robonuitest.dll" id="001da288-f832-5643-40ad-6895e6d64972">
      <Execution id="0423b346-deab-4777-9c35-546f6277cace" />
      <TestMethod codeBase="C:/Users/Eisen/Code/RoboNUI/repo/RoboticNaturalUserInterface/RoboNuiTest/bin/Debug/RoboNuiTest.DLL" adapterTypeName="Microsoft.VisualStudio.TestTools.TestTypes.Unit.UnitTestAdapter, Microsoft.VisualStudio.QualityTools.Tips.UnitTest.Adapter, Version=10.0.0.0, Culture=neutral, PublicKeyToken=b03f5f7f11d50a3a" className="RoboNuiTest.VoiceControlInterpreterTest, RoboNuiTest, Version=1.0.0.0, Culture=neutral, PublicKeyToken=null" name="VoiceControlInterpreterConstructorTest" />
    </UnitTest>
    <UnitTest name="UpdateTest" storage="c:\users\eisen\code\robonui\repo\roboticnaturaluserinterface\robonuitest\bin\debug\robonuitest.dll" id="c0eca1fb-66d4-bb09-728d-297533670eaf">
      <DeploymentItems>
        <DeploymentItem filename="RoboticNaturalUserInterface.exe" />
      </DeploymentItems>
      <Execution id="0f29701a-fed7-4726-8f28-8ce7e3690ba3" />
      <TestMethod codeBase="C:/Users/Eisen/Code/RoboNUI/repo/RoboticNaturalUserInterface/RoboNuiTest/bin/Debug/RoboNuiTest.DLL" adapterTypeName="Microsoft.VisualStudio.TestTools.TestTypes.Unit.UnitTestAdapter, Microsoft.VisualStudio.QualityTools.Tips.UnitTest.Adapter, Version=10.0.0.0, Culture=neutral, PublicKeyToken=b03f5f7f11d50a3a" className="RoboNuiTest.RoboticArmServoControllerTest, RoboNuiTest, Version=1.0.0.0, Culture=neutral, PublicKeyToken=null" name="UpdateTest" />
    </UnitTest>
    <UnitTest name="JointAngleTranslatorConstructorTest" storage="c:\users\eisen\code\robonui\repo\roboticnaturaluserinterface\robonuitest\bin\debug\robonuitest.dll" id="3607432d-474d-0ce1-5eb1-b98786483e85">
      <Execution id="f310abe7-5ac2-42c1-b22a-4d3eaaf05a0d" />
      <TestMethod codeBase="C:/Users/Eisen/Code/RoboNUI/repo/RoboticNaturalUserInterface/RoboNuiTest/bin/Debug/RoboNuiTest.DLL" adapterTypeName="Microsoft.VisualStudio.TestTools.TestTypes.Unit.UnitTestAdapter, Microsoft.VisualStudio.QualityTools.Tips.UnitTest.Adapter, Version=10.0.0.0, Culture=neutral, PublicKeyToken=b03f5f7f11d50a3a" className="RoboNuiTest.JointAngleTranslatorTest, RoboNuiTest, Version=1.0.0.0, Culture=neutral, PublicKeyToken=null" name="JointAngleTranslatorConstructorTest" />
    </UnitTest>
  </TestDefinitions>
  <TestLists>
    <TestList name="Results Not in a List" id="8c84fa94-04c1-424b-9868-57a2d4851a1d" />
    <TestList name="All Loaded Results" id="19431567-8539-422a-85d7-44ee4e166bda" />
  </TestLists>
  <TestEntries>
    <TestEntry testId="001da288-f832-5643-40ad-6895e6d64972" executionId="0423b346-deab-4777-9c35-546f6277cace" testListId="8c84fa94-04c1-424b-9868-57a2d4851a1d" />
    <TestEntry testId="3607432d-474d-0ce1-5eb1-b98786483e85" executionId="f310abe7-5ac2-42c1-b22a-4d3eaaf05a0d" testListId="8c84fa94-04c1-424b-9868-57a2d4851a1d" />
    <TestEntry testId="c0eca1fb-66d4-bb09-728d-297533670eaf" executionId="0f29701a-fed7-4726-8f28-8ce7e3690ba3" testListId="8c84fa94-04c1-424b-9868-57a2d4851a1d" />
    <TestEntry testId="eeddceb7-7d47-fd72-2af9-db464e484902" executionId="4ffe57eb-91b1-4c3d-bbcf-fa13f127d242" testListId="8c84fa94-04c1-424b-9868-57a2d4851a1d" />
  </TestEntries>
  <Results>
    <UnitTestResult executionId="0423b346-deab-4777-9c35-546f6277cace" testId="001da288-f832-5643-40ad-6895e6d64972" testName="VoiceControlInterpreterConstructorTest" computerName="CRAZYEISEN" duration="00:00:04.1949970" startTime="2011-11-29T21:02:27.7641301-05:00" endTime="2011-11-29T21:02:32.3543926-05:00" testType="13cdc9d9-ddb5-4fa4-a97d-d965ccfc6d4b" outcome="Failed" testListId="8c84fa94-04c1-424b-9868-57a2d4851a1d" relativeResultsDirectory="0423b346-deab-4777-9c35-546f6277cace">
      <Output>
        <StdOut>56 [Agent: adapter run thread for test 'VoiceControlInterpreterConstructorTest' with id '0423b346-deab-4777-9c35-546f6277cace'] DEBUG RoboNui.KinectAdapter.VoiceControlInterpreter (null) - RoboNui.KinectAdapter.VoiceControlInterpreter constructed.
178 [Agent: adapter run thread for test 'VoiceControlInterpreterConstructorTest' with id '0423b346-deab-4777-9c35-546f6277cace'] DEBUG RoboNui.KinectAdapter.VoiceControlInterpreter (null) - Using Kinect speech recognizer: Microsoft Server Speech Recognition Language - Kinect (en-US)
2124 [Agent: adapter run thread for test 'VoiceControlInterpreterConstructorTest' with id '0423b346-deab-4777-9c35-546f6277cace'] DEBUG RoboNui.KinectAdapter.VoiceControlInterpreter (null) - 
Speech Hypothesized: 	robo
2309 [Agent: adapter run thread for test 'VoiceControlInterpreterConstructorTest' with id '0423b346-deab-4777-9c35-546f6277cace'] DEBUG RoboNui.KinectAdapter.VoiceControlInterpreter (null) - 
Speech Hypothesized: 	robo nu
2551 [Agent: adapter run thread for test 'VoiceControlInterpreterConstructorTest' with id '0423b346-deab-4777-9c35-546f6277cace'] DEBUG RoboNui.KinectAdapter.VoiceControlInterpreter (null) - 
Speech Hypothesized: 	robo nu ee
2796 [Agent: adapter run thread for test 'VoiceControlInterpreterConstructorTest' with id '0423b346-deab-4777-9c35-546f6277cace'] DEBUG RoboNui.KinectAdapter.VoiceControlInterpreter (null) - 
Speech Hypothesized: 	robo nu ee use
3030 [Agent: adapter run thread for test 'VoiceControlInterpreterConstructorTest' with id '0423b346-deab-4777-9c35-546f6277cace'] DEBUG RoboNui.KinectAdapter.VoiceControlInterpreter (null) - 
Speech Hypothesized: 	robo nu ee system
3310 [Agent: adapter run thread for test 'VoiceControlInterpreterConstructorTest' with id '0423b346-deab-4777-9c35-546f6277cace'] DEBUG RoboNui.KinectAdapter.VoiceControlInterpreter (null) - 
Speech Hypothesized: 	robo nu ee system enable
4187 [Agent: adapter run thread for test 'VoiceControlInterpreterConstructorTest' with id '0423b346-deab-4777-9c35-546f6277cace'] DEBUG RoboNui.KinectAdapter.VoiceControlInterpreter (null) - 
Speech Recognized: 	robo nu ee system enable
4187 [Agent: adapter run thread for test 'VoiceControlInterpreterConstructorTest' with id '0423b346-deab-4777-9c35-546f6277cace'] DEBUG RoboNui.KinectAdapter.VoiceControlInterpreter (null) - I'm Here</StdOut>
        <ErrorInfo>
          <Message>Test method RoboNuiTest.VoiceControlInterpreterTest.VoiceControlInterpreterConstructorTest threw exception: 
System.Reflection.TargetInvocationException: Exception has been thrown by the target of an invocation. ---&gt; System.Collections.Generic.KeyNotFoundException: The given key was not present in the dictionary.</Message>
          <StackTrace>    at System.Collections.Generic.Dictionary`2.get_Item(TKey key)
   at Microsoft.Speech.Recognition.SemanticValue.get_Item(String key)
   at RoboNui.KinectAdapter.VoiceControlInterpreter.sre_SpeechRecognized(Object sender, SpeechRecognizedEventArgs e) in C:\Users\Eisen\Code\RoboNUI\repo\RoboticNaturalUserInterface\RoboticNaturalUserInterface\KinectAdapter\VoiceControlInterpreter.cs:line 179
   at Microsoft.Speech.Recognition.SpeechRecognitionEngine.SpeechRecognizedProxy(Object sender, SpeechRecognizedEventArgs e)
 --- End of inner exception stack trace ---
    at System.RuntimeMethodHandle._InvokeMethodFast(IRuntimeMethodInfo method, Object target, Object[] arguments, SignatureStruct&amp; sig, MethodAttributes methodAttributes, RuntimeType typeOwner)
   at System.RuntimeMethodHandle.InvokeMethodFast(IRuntimeMethodInfo method, Object target, Object[] arguments, Signature sig, MethodAttributes methodAttributes, RuntimeType typeOwner)
   at System.Reflection.RuntimeMethodInfo.Invoke(Object obj, BindingFlags invokeAttr, Binder binder, Object[] parameters, CultureInfo culture, Boolean skipVisibilityChecks)
   at System.Delegate.DynamicInvokeImpl(Object[] args)
   at Microsoft.Speech.Internal.AsyncWorkItem.Invoke()
   at Microsoft.Speech.Recognition.RecognizerBase.Recognize(TimeSpan initialSilenceTimeout)
   at Microsoft.Speech.Recognition.SpeechRecognitionEngine.Recognize()
   at RoboNui.KinectAdapter.VoiceControlInterpreter..ctor() in C:\Users\Eisen\Code\RoboNUI\repo\RoboticNaturalUserInterface\RoboticNaturalUserInterface\KinectAdapter\VoiceControlInterpreter.cs:line 88
   at RoboNuiTest.VoiceControlInterpreterTest.VoiceControlInterpreterConstructorTest() in C:\Users\Eisen\Code\RoboNUI\repo\RoboticNaturalUserInterface\RoboNuiTest\VoiceControlInterpreterTest.cs:line 81
</StackTrace>
        </ErrorInfo>
      </Output>
    </UnitTestResult>
    <UnitTestResult executionId="f310abe7-5ac2-42c1-b22a-4d3eaaf05a0d" testId="3607432d-474d-0ce1-5eb1-b98786483e85" testName="JointAngleTranslatorConstructorTest" computerName="CRAZYEISEN" duration="00:00:00.0059692" startTime="2011-11-29T21:02:32.3713936-05:00" endTime="2011-11-29T21:02:32.3853944-05:00" testType="13cdc9d9-ddb5-4fa4-a97d-d965ccfc6d4b" outcome="Passed" testListId="8c84fa94-04c1-424b-9868-57a2d4851a1d" relativeResultsDirectory="f310abe7-5ac2-42c1-b22a-4d3eaaf05a0d">
    </UnitTestResult>
    <UnitTestResult executionId="0f29701a-fed7-4726-8f28-8ce7e3690ba3" testId="c0eca1fb-66d4-bb09-728d-297533670eaf" testName="UpdateTest" computerName="CRAZYEISEN" duration="00:00:00.0541560" startTime="2011-11-29T21:02:32.3943949-05:00" endTime="2011-11-29T21:02:32.4894003-05:00" testType="13cdc9d9-ddb5-4fa4-a97d-d965ccfc6d4b" outcome="Failed" testListId="8c84fa94-04c1-424b-9868-57a2d4851a1d" relativeResultsDirectory="0f29701a-fed7-4726-8f28-8ce7e3690ba3">
      <Output>
        <StdOut>4328 [Agent: adapter run thread for test 'UpdateTest' with id '0f29701a-fed7-4726-8f28-8ce7e3690ba3'] INFO RoboNui.RobotAdapter.RoboticArmServoController (null) - Sent movement command to Servo Controller.
4328 [Agent: adapter run thread for test 'UpdateTest' with id '0f29701a-fed7-4726-8f28-8ce7e3690ba3'] INFO RoboNui.RobotAdapter.RoboticArmServoController (null) - Sent movement command to Servo Controller.
4331 [Agent: adapter run thread for test 'UpdateTest' with id '0f29701a-fed7-4726-8f28-8ce7e3690ba3'] DEBUG RoboNui.RobotAdapter.RoboticArmServoController (null) - Send Command #0P1738#1P1738#2P1738#3P1738#4P1738#5P1738T1000
4331 [Agent: adapter run thread for test 'UpdateTest' with id '0f29701a-fed7-4726-8f28-8ce7e3690ba3'] DEBUG RoboNui.RobotAdapter.RoboticArmServoController (null) - Send Command #0P1738#1P1738#2P1738#3P1738#4P1738#5P1738T1000
4334 [Agent: adapter run thread for test 'UpdateTest' with id '0f29701a-fed7-4726-8f28-8ce7e3690ba3'] DEBUG RoboNui.RobotAdapter.RoboticArmServoController (null) - Send Command QP0
4334 [Agent: adapter run thread for test 'UpdateTest' with id '0f29701a-fed7-4726-8f28-8ce7e3690ba3'] DEBUG RoboNui.RobotAdapter.RoboticArmServoController (null) - Send Command QP0
4340 [Agent: adapter run thread for test 'UpdateTest' with id '0f29701a-fed7-4726-8f28-8ce7e3690ba3'] DEBUG RoboNui.RobotAdapter.RoboticArmServoController (null) - Send Command QP1
4340 [Agent: adapter run thread for test 'UpdateTest' with id '0f29701a-fed7-4726-8f28-8ce7e3690ba3'] DEBUG RoboNui.RobotAdapter.RoboticArmServoController (null) - Send Command QP1
4340 [Agent: adapter run thread for test 'UpdateTest' with id '0f29701a-fed7-4726-8f28-8ce7e3690ba3'] DEBUG RoboNui.RobotAdapter.RoboticArmServoController (null) - Send Command QP2
4340 [Agent: adapter run thread for test 'UpdateTest' with id '0f29701a-fed7-4726-8f28-8ce7e3690ba3'] DEBUG RoboNui.RobotAdapter.RoboticArmServoController (null) - Send Command QP2
4340 [Agent: adapter run thread for test 'UpdateTest' with id '0f29701a-fed7-4726-8f28-8ce7e3690ba3'] DEBUG RoboNui.RobotAdapter.RoboticArmServoController (null) - Send Command QP3
4340 [Agent: adapter run thread for test 'UpdateTest' with id '0f29701a-fed7-4726-8f28-8ce7e3690ba3'] DEBUG RoboNui.RobotAdapter.RoboticArmServoController (null) - Send Command QP3
4340 [Agent: adapter run thread for test 'UpdateTest' with id '0f29701a-fed7-4726-8f28-8ce7e3690ba3'] DEBUG RoboNui.RobotAdapter.RoboticArmServoController (null) - Send Command QP4
4340 [Agent: adapter run thread for test 'UpdateTest' with id '0f29701a-fed7-4726-8f28-8ce7e3690ba3'] DEBUG RoboNui.RobotAdapter.RoboticArmServoController (null) - Send Command QP4
4341 [Agent: adapter run thread for test 'UpdateTest' with id '0f29701a-fed7-4726-8f28-8ce7e3690ba3'] DEBUG RoboNui.RobotAdapter.RoboticArmServoController (null) - Send Command QP5
4341 [Agent: adapter run thread for test 'UpdateTest' with id '0f29701a-fed7-4726-8f28-8ce7e3690ba3'] DEBUG RoboNui.RobotAdapter.RoboticArmServoController (null) - Send Command QP5</StdOut>
        <ErrorInfo>
          <Message>Assert.AreEqual failed. Expected:&lt;RoboNui.Core.AngleSet&gt;. Actual:&lt;RoboNui.Core.AngleSet&gt;. </Message>
          <StackTrace>   at RoboNuiTest.RoboticArmServoControllerTest.UpdateTest() in C:\Users\Eisen\Code\RoboNUI\repo\RoboticNaturalUserInterface\RoboNuiTest\RoboticArmServoControllerTest.cs:line 121
</StackTrace>
        </ErrorInfo>
      </Output>
    </UnitTestResult>
    <UnitTestResult executionId="4ffe57eb-91b1-4c3d-bbcf-fa13f127d242" testId="eeddceb7-7d47-fd72-2af9-db464e484902" testName="UpdateTest" computerName="CRAZYEISEN" duration="00:00:00.0203518" startTime="2011-11-29T21:02:32.5104015-05:00" endTime="2011-11-29T21:02:32.5394032-05:00" testType="13cdc9d9-ddb5-4fa4-a97d-d965ccfc6d4b" outcome="Failed" testListId="8c84fa94-04c1-424b-9868-57a2d4851a1d" relativeResultsDirectory="4ffe57eb-91b1-4c3d-bbcf-fa13f127d242">
      <Output>
        <ErrorInfo>
          <Message>Test method RoboNuiTest.JointAngleTranslatorTest.UpdateTest threw exception: 
System.NullReferenceException: Object reference not set to an instance of an object.</Message>
          <StackTrace>    at RoboNui.Core.JointAngleTranslator.Update(JointSet js) in C:\Users\Eisen\Code\RoboNUI\repo\RoboticNaturalUserInterface\RoboticNaturalUserInterface\Core\JointAngleTranslator.cs:line 108
   at RoboNuiTest.JointAngleTranslatorTest.UpdateTest() in C:\Users\Eisen\Code\RoboNUI\repo\RoboticNaturalUserInterface\RoboNuiTest\JointAngleTranslatorTest.cs:line 107
</StackTrace>
        </ErrorInfo>
      </Output>
    </UnitTestResult>
  </Results>
</TestRun>